#
# There is insufficient memory for the Java Runtime Environment to continue.
# Native memory allocation (mmap) failed to map 65536 bytes for Failed to commit metaspace.
# Possible reasons:
#   The system is out of physical RAM or swap space
#   The process is running with CompressedOops enabled, and the Java Heap may be blocking the growth of the native heap
# Possible solutions:
#   Reduce memory load on the system
#   Increase physical memory or swap space
#   Check if swap backing store is full
#   Decrease Java heap size (-Xmx/-Xms)
#   Decrease number of Java threads
#   Decrease Java thread stack sizes (-Xss)
#   Set larger code cache with -XX:ReservedCodeCacheSize=
#   JVM is running with Unscaled Compressed Oops mode in which the Java heap is
#     placed in the first 4GB address space. The Java Heap base address is the
#     maximum limit for the native heap growth. Please use -XX:HeapBaseMinAddress
#     to set the Java Heap base and to place the Java Heap above 4GB virtual address.
# This output file may be truncated or incomplete.
#
#  Out of Memory Error (virtualSpaceNode.cpp:110), pid=20756, tid=8932
#
# JRE version: OpenJDK Runtime Environment Temurin-17.0.4+8 (17.0.4+8) (build 17.0.4+8)
# Java VM: OpenJDK 64-Bit Server VM Temurin-17.0.4+8 (17.0.4+8, mixed mode, emulated-client, tiered, compressed oops, compressed class ptrs, g1 gc, windows-amd64)
# No core dump will be written. Minidumps are not enabled by default on client versions of Windows
#

---------------  S U M M A R Y ------------

Command Line: -Dcom.sun.management.jmxremote -Dcom.sun.management.jmxremote.port=61615 -Dcom.sun.management.jmxremote.authenticate=false -Dcom.sun.management.jmxremote.ssl=false -Djava.rmi.server.hostname=localhost -Dspring.jmx.enabled=true -Dspring.application.admin.enabled=true -XX:TieredStopAtLevel=1 -Dspring.boot.project.name=works-api -Dfile.encoding=UTF-8 -XX:+ShowCodeDetailsInExceptionMessages com.lins.works.WorksApiApplication --spring.output.ansi.enabled=always

Host: Intel(R) Pentium(R) Gold 7505 @ 2.00GHz, 4 cores, 3G,  Windows 10 , 64 bit Build 19041 (10.0.19041.1889)
Time: Sun Sep 25 13:26:06 2022 Hora oficial do Brasil elapsed time: 11.709590 seconds (0d 0h 0m 11s)

---------------  T H R E A D  ---------------

Current thread (0x000002411b3e62c0):  JavaThread "restartedMain" [_thread_in_vm, id=8932, stack(0x000000cf1d000000,0x000000cf1d100000)]

Stack: [0x000000cf1d000000,0x000000cf1d100000]
Native frames: (J=compiled Java code, j=interpreted, Vv=VM code, C=native code)
V  [jvm.dll+0x67733a]
V  [jvm.dll+0x8323c4]
V  [jvm.dll+0x833b6e]
V  [jvm.dll+0x8341d3]
V  [jvm.dll+0x2455e5]
V  [jvm.dll+0x82e36b]
V  [jvm.dll+0x61be16]
V  [jvm.dll+0x1c060e]
V  [jvm.dll+0x61e761]
V  [jvm.dll+0x61c7b6]
V  [jvm.dll+0x626607]
V  [jvm.dll+0x1ea42b]
V  [jvm.dll+0x1ea965]
V  [jvm.dll+0x1eb39f]
V  [jvm.dll+0x1e0841]
V  [jvm.dll+0x53c8f0]
V  [jvm.dll+0x7ad188]
V  [jvm.dll+0x7ad274]
V  [jvm.dll+0x40ccb5]
V  [jvm.dll+0x412ea8]
C  [java.dll+0x17ec]

Java frames: (J=compiled Java code, j=interpreted, Vv=VM code)
J 1275  java.lang.ClassLoader.defineClass1(Ljava/lang/ClassLoader;Ljava/lang/String;[BIILjava/security/ProtectionDomain;Ljava/lang/String;)Ljava/lang/Class; java.base@17.0.4 (0 bytes) @ 0x00000241123ec35b [0x00000241123ec2a0+0x00000000000000bb]
J 1302 c1 java.lang.ClassLoader.defineClass(Ljava/lang/String;[BIILjava/security/ProtectionDomain;)Ljava/lang/Class; java.base@17.0.4 (43 bytes) @ 0x00000241123f925c [0x00000241123f9160+0x00000000000000fc]
J 1306 c1 jdk.internal.loader.BuiltinClassLoader.defineClass(Ljava/lang/String;Ljdk/internal/loader/Resource;)Ljava/lang/Class; java.base@17.0.4 (121 bytes) @ 0x00000241123fc3c4 [0x00000241123fbf20+0x00000000000004a4]
J 1286 c1 jdk.internal.loader.BuiltinClassLoader.findClassOnClassPathOrNull(Ljava/lang/String;)Ljava/lang/Class; java.base@17.0.4 (64 bytes) @ 0x00000241123f1b9c [0x00000241123f1900+0x000000000000029c]
J 967 c1 jdk.internal.loader.BuiltinClassLoader.loadClassOrNull(Ljava/lang/String;Z)Ljava/lang/Class; java.base@17.0.4 (143 bytes) @ 0x00000241123716c4 [0x0000024112371280+0x0000000000000444]
J 1185 c1 jdk.internal.loader.ClassLoaders$AppClassLoader.loadClass(Ljava/lang/String;Z)Ljava/lang/Class; java.base@17.0.4 (40 bytes) @ 0x00000241123c7324 [0x00000241123c71e0+0x0000000000000144]
J 1175 c1 java.lang.ClassLoader.loadClass(Ljava/lang/String;)Ljava/lang/Class; java.base@17.0.4 (7 bytes) @ 0x00000241123c4964 [0x00000241123c4920+0x0000000000000044]
v  ~StubRoutines::call_stub
J 1275  java.lang.ClassLoader.defineClass1(Ljava/lang/ClassLoader;Ljava/lang/String;[BIILjava/security/ProtectionDomain;Ljava/lang/String;)Ljava/lang/Class; java.base@17.0.4 (0 bytes) @ 0x00000241123ec35b [0x00000241123ec2a0+0x00000000000000bb]
J 1302 c1 java.lang.ClassLoader.defineClass(Ljava/lang/String;[BIILjava/security/ProtectionDomain;)Ljava/lang/Class; java.base@17.0.4 (43 bytes) @ 0x00000241123f925c [0x00000241123f9160+0x00000000000000fc]
J 1306 c1 jdk.internal.loader.BuiltinClassLoader.defineClass(Ljava/lang/String;Ljdk/internal/loader/Resource;)Ljava/lang/Class; java.base@17.0.4 (121 bytes) @ 0x00000241123fc3c4 [0x00000241123fbf20+0x00000000000004a4]
J 1286 c1 jdk.internal.loader.BuiltinClassLoader.findClassOnClassPathOrNull(Ljava/lang/String;)Ljava/lang/Class; java.base@17.0.4 (64 bytes) @ 0x00000241123f1b9c [0x00000241123f1900+0x000000000000029c]
J 967 c1 jdk.internal.loader.BuiltinClassLoader.loadClassOrNull(Ljava/lang/String;Z)Ljava/lang/Class; java.base@17.0.4 (143 bytes) @ 0x00000241123716c4 [0x0000024112371280+0x0000000000000444]
J 1185 c1 jdk.internal.loader.ClassLoaders$AppClassLoader.loadClass(Ljava/lang/String;Z)Ljava/lang/Class; java.base@17.0.4 (40 bytes) @ 0x00000241123c7324 [0x00000241123c71e0+0x0000000000000144]
J 1175 c1 java.lang.ClassLoader.loadClass(Ljava/lang/String;)Ljava/lang/Class; java.base@17.0.4 (7 bytes) @ 0x00000241123c4964 [0x00000241123c4920+0x0000000000000044]
v  ~StubRoutines::call_stub
J 936  java.lang.Class.forName0(Ljava/lang/String;ZLjava/lang/ClassLoader;Ljava/lang/Class;)Ljava/lang/Class; java.base@17.0.4 (0 bytes) @ 0x00000241123665a7 [0x0000024112366520+0x0000000000000087]
J 937 c1 java.lang.Class.forName(Ljava/lang/String;ZLjava/lang/ClassLoader;)Ljava/lang/Class; java.base@17.0.4 (47 bytes) @ 0x0000024112366b34 [0x0000024112366a40+0x00000000000000f4]
j  org.springframework.boot.devtools.restart.classloader.RestartClassLoader.loadClass(Ljava/lang/String;Z)Ljava/lang/Class;+90
J 1175 c1 java.lang.ClassLoader.loadClass(Ljava/lang/String;)Ljava/lang/Class; java.base@17.0.4 (7 bytes) @ 0x00000241123c4964 [0x00000241123c4920+0x0000000000000044]
v  ~StubRoutines::call_stub
J 936  java.lang.Class.forName0(Ljava/lang/String;ZLjava/lang/ClassLoader;Ljava/lang/Class;)Ljava/lang/Class; java.base@17.0.4 (0 bytes) @ 0x00000241123665a7 [0x0000024112366520+0x0000000000000087]
J 937 c1 java.lang.Class.forName(Ljava/lang/String;ZLjava/lang/ClassLoader;)Ljava/lang/Class; java.base@17.0.4 (47 bytes) @ 0x0000024112366b34 [0x0000024112366a40+0x00000000000000f4]
j  org.springframework.boot.autoconfigure.condition.FilteringSpringBootCondition.resolve(Ljava/lang/String;Ljava/lang/ClassLoader;)Ljava/lang/Class;+7
j  org.springframework.boot.autoconfigure.condition.FilteringSpringBootCondition$ClassNameFilter.isPresent(Ljava/lang/String;Ljava/lang/ClassLoader;)Z+10
j  org.springframework.boot.autoconfigure.condition.FilteringSpringBootCondition$ClassNameFilter$2.matches(Ljava/lang/String;Ljava/lang/ClassLoader;)Z+2
j  org.springframework.boot.autoconfigure.condition.OnClassCondition$StandardOutcomesResolver.getOutcome(Ljava/lang/String;Ljava/lang/ClassLoader;)Lorg/springframework/boot/autoconfigure/condition/ConditionOutcome;+5
j  org.springframework.boot.autoconfigure.condition.OnClassCondition$StandardOutcomesResolver.getOutcome(Ljava/lang/String;)Lorg/springframework/boot/autoconfigure/condition/ConditionOutcome;+15
j  org.springframework.boot.autoconfigure.condition.OnClassCondition$StandardOutcomesResolver.getOutcomes([Ljava/lang/String;IILorg/springframework/boot/autoconfigure/AutoConfigurationMetadata;)[Lorg/springframework/boot/autoconfigure/condition/ConditionOutcome;+55
j  org.springframework.boot.autoconfigure.condition.OnClassCondition$StandardOutcomesResolver.resolveOutcomes()[Lorg/springframework/boot/autoconfigure/condition/ConditionOutcome;+17
j  org.springframework.boot.autoconfigure.condition.OnClassCondition.resolveOutcomesThreaded([Ljava/lang/String;Lorg/springframework/boot/autoconfigure/AutoConfigurationMetadata;)[Lorg/springframework/boot/autoconfigure/condition/ConditionOutcome;+36
j  org.springframework.boot.autoconfigure.condition.OnClassCondition.getOutcomes([Ljava/lang/String;Lorg/springframework/boot/autoconfigure/AutoConfigurationMetadata;)[Lorg/springframework/boot/autoconfigure/condition/ConditionOutcome;+19
j  org.springframework.boot.autoconfigure.condition.FilteringSpringBootCondition.match([Ljava/lang/String;Lorg/springframework/boot/autoconfigure/AutoConfigurationMetadata;)[Z+11
j  org.springframework.boot.autoconfigure.AutoConfigurationImportSelector$ConfigurationClassFilter.filter(Ljava/util/List;)Ljava/util/List;+54
j  org.springframework.boot.autoconfigure.AutoConfigurationImportSelector.getAutoConfigurationEntry(Lorg/springframework/core/type/AnnotationMetadata;)Lorg/springframework/boot/autoconfigure/AutoConfigurationImportSelector$AutoConfigurationEntry;+60
j  org.springframework.boot.autoconfigure.AutoConfigurationImportSelector$AutoConfigurationGroup.process(Lorg/springframework/core/type/AnnotationMetadata;Lorg/springframework/context/annotation/DeferredImportSelector;)V+18
j  org.springframework.context.annotation.ConfigurationClassParser$DeferredImportSelectorGrouping.getImports()Ljava/lang/Iterable;+44
j  org.springframework.context.annotation.ConfigurationClassParser$DeferredImportSelectorGroupingHandler.processGroupImports()V+40
j  org.springframework.context.annotation.ConfigurationClassParser$DeferredImportSelectorHandler.process()V+54
j  org.springframework.context.annotation.ConfigurationClassParser.parse(Ljava/util/Set;)V+171
j  org.springframework.context.annotation.ConfigurationClassPostProcessor.processConfigBeanDefinitions(Lorg/springframework/beans/factory/support/BeanDefinitionRegistry;)V+308
j  org.springframework.context.annotation.ConfigurationClassPostProcessor.postProcessBeanDefinitionRegistry(Lorg/springframework/beans/factory/support/BeanDefinitionRegistry;)V+107
j  org.springframework.context.support.PostProcessorRegistrationDelegate.invokeBeanDefinitionRegistryPostProcessors(Ljava/util/Collection;Lorg/springframework/beans/factory/support/BeanDefinitionRegistry;Lorg/springframework/core/metrics/ApplicationStartup;)V+59
j  org.springframework.context.support.PostProcessorRegistrationDelegate.invokeBeanFactoryPostProcessors(Lorg/springframework/beans/factory/config/ConfigurableListableBeanFactory;Ljava/util/List;)V+235
j  org.springframework.context.support.AbstractApplicationContext.invokeBeanFactoryPostProcessors(Lorg/springframework/beans/factory/config/ConfigurableListableBeanFactory;)V+5
j  org.springframework.context.support.AbstractApplicationContext.refresh()V+53
j  org.springframework.boot.web.servlet.context.ServletWebServerApplicationContext.refresh()V+1
j  org.springframework.boot.SpringApplication.refresh(Lorg/springframework/context/ConfigurableApplicationContext;)V+1
j  org.springframework.boot.SpringApplication.refreshContext(Lorg/springframework/context/ConfigurableApplicationContext;)V+16
j  org.springframework.boot.SpringApplication.run([Ljava/lang/String;)Lorg/springframework/context/ConfigurableApplicationContext;+107
j  org.springframework.boot.SpringApplication.run([Ljava/lang/Class;[Ljava/lang/String;)Lorg/springframework/context/ConfigurableApplicationContext;+9
j  org.springframework.boot.SpringApplication.run(Ljava/lang/Class;[Ljava/lang/String;)Lorg/springframework/context/ConfigurableApplicationContext;+9
j  com.lins.works.WorksApiApplication.main([Ljava/lang/String;)V+3
v  ~StubRoutines::call_stub
j  jdk.internal.reflect.NativeMethodAccessorImpl.invoke0(Ljava/lang/reflect/Method;Ljava/lang/Object;[Ljava/lang/Object;)Ljava/lang/Object;+0 java.base@17.0.4
j  jdk.internal.reflect.NativeMethodAccessorImpl.invoke(Ljava/lang/Object;[Ljava/lang/Object;)Ljava/lang/Object;+133 java.base@17.0.4
j  jdk.internal.reflect.DelegatingMethodAccessorImpl.invoke(Ljava/lang/Object;[Ljava/lang/Object;)Ljava/lang/Object;+6 java.base@17.0.4
j  java.lang.reflect.Method.invoke(Ljava/lang/Object;[Ljava/lang/Object;)Ljava/lang/Object;+59 java.base@17.0.4
j  org.springframework.boot.devtools.restart.RestartLauncher.run()V+42
v  ~StubRoutines::call_stub

---------------  P R O C E S S  ---------------

Threads class SMR info:
_java_thread_list=0x000002411ccabf10, length=22, elements={
0x000002410d1f84d0, 0x0000024119e44c10, 0x0000024119e45e70, 0x0000024119e632c0,
0x0000024119e9c000, 0x0000024119e9c8c0, 0x0000024119e9f190, 0x0000024119e9fa50,
0x0000024119ed1a10, 0x0000024119ddc840, 0x000002411aa99570, 0x000002411af9dc20,
0x000002411afe0b70, 0x000002411afd6ca0, 0x000002411b0df420, 0x000002411b1975d0,
0x000002411b32bf90, 0x000002411b3385c0, 0x000002411b3e4f80, 0x000002411b3e62c0,
0x000002411af29370, 0x000002411b3e5920
}

Java Threads: ( => current thread )
  0x000002410d1f84d0 JavaThread "main" [_thread_blocked, id=23216, stack(0x000000cf1b000000,0x000000cf1b100000)]
  0x0000024119e44c10 JavaThread "Reference Handler" daemon [_thread_blocked, id=14024, stack(0x000000cf1b700000,0x000000cf1b800000)]
  0x0000024119e45e70 JavaThread "Finalizer" daemon [_thread_blocked, id=22616, stack(0x000000cf1b800000,0x000000cf1b900000)]
  0x0000024119e632c0 JavaThread "Signal Dispatcher" daemon [_thread_blocked, id=6612, stack(0x000000cf1b900000,0x000000cf1ba00000)]
  0x0000024119e9c000 JavaThread "Attach Listener" daemon [_thread_blocked, id=26520, stack(0x000000cf1ba00000,0x000000cf1bb00000)]
  0x0000024119e9c8c0 JavaThread "Service Thread" daemon [_thread_blocked, id=25072, stack(0x000000cf1bb00000,0x000000cf1bc00000)]
  0x0000024119e9f190 JavaThread "Monitor Deflation Thread" daemon [_thread_blocked, id=8596, stack(0x000000cf1bc00000,0x000000cf1bd00000)]
  0x0000024119e9fa50 JavaThread "C1 CompilerThread0" daemon [_thread_blocked, id=10824, stack(0x000000cf1bd00000,0x000000cf1be00000)]
  0x0000024119ed1a10 JavaThread "Sweeper thread" daemon [_thread_blocked, id=10724, stack(0x000000cf1be00000,0x000000cf1bf00000)]
  0x0000024119ddc840 JavaThread "Common-Cleaner" daemon [_thread_blocked, id=26244, stack(0x000000cf1bf00000,0x000000cf1c000000)]
  0x000002411aa99570 JavaThread "Notification Thread" daemon [_thread_blocked, id=26400, stack(0x000000cf1c100000,0x000000cf1c200000)]
  0x000002411af9dc20 JavaThread "RMI TCP Accept-0" daemon [_thread_in_native, id=1420, stack(0x000000cf1c200000,0x000000cf1c300000)]
  0x000002411afe0b70 JavaThread "RMI TCP Accept-61615" daemon [_thread_in_native, id=26072, stack(0x000000cf1c300000,0x000000cf1c400000)]
  0x000002411afd6ca0 JavaThread "RMI TCP Accept-0" daemon [_thread_in_native, id=13496, stack(0x000000cf1c400000,0x000000cf1c500000)]
  0x000002411b0df420 JavaThread "RMI TCP Connection(1)-127.0.0.1" daemon [_thread_in_native, id=17656, stack(0x000000cf1c600000,0x000000cf1c700000)]
  0x000002411b1975d0 JavaThread "RMI Scheduler(0)" daemon [_thread_blocked, id=21340, stack(0x000000cf1cc00000,0x000000cf1cd00000)]
  0x000002411b32bf90 JavaThread "RMI TCP Connection(2)-127.0.0.1" daemon [_thread_blocked, id=24512, stack(0x000000cf1cd00000,0x000000cf1ce00000)]
  0x000002411b3385c0 JavaThread "JMX server connection timeout 21" daemon [_thread_blocked, id=20236, stack(0x000000cf1ce00000,0x000000cf1cf00000)]
  0x000002411b3e4f80 JavaThread "Thread-0" [_thread_blocked, id=25800, stack(0x000000cf1cf00000,0x000000cf1d000000)]
=>0x000002411b3e62c0 JavaThread "restartedMain" [_thread_in_vm, id=8932, stack(0x000000cf1d000000,0x000000cf1d100000)]
  0x000002411af29370 JavaThread "C1 CompilerThread1" daemon [_thread_blocked, id=10196, stack(0x000000cf1c000000,0x000000cf1c100000)]
  0x000002411b3e5920 JavaThread "Thread-3" [_thread_blocked, id=18884, stack(0x000000cf1d100000,0x000000cf1d200000)]

Other Threads:
  0x0000024119e3e990 VMThread "VM Thread" [stack: 0x000000cf1b600000,0x000000cf1b700000] [id=25404] _threads_hazard_ptr=0x000002411ccabf10
  0x000002410d1f9340 WatcherThread [stack: 0x000000cf1c500000,0x000000cf1c600000] [id=10720]
  0x000002410d2322d0 GCTaskThread "GC Thread#0" [stack: 0x000000cf1b100000,0x000000cf1b200000] [id=25616]
  0x000002411b191120 GCTaskThread "GC Thread#1" [stack: 0x000000cf1c700000,0x000000cf1c800000] [id=26484]
  0x000002411b1a89a0 GCTaskThread "GC Thread#2" [stack: 0x000000cf1c800000,0x000000cf1c900000] [id=8264]
  0x000002411b1a8c50 GCTaskThread "GC Thread#3" [stack: 0x000000cf1c900000,0x000000cf1ca00000] [id=10668]
  0x000002410d23bcb0 ConcurrentGCThread "G1 Main Marker" [stack: 0x000000cf1b200000,0x000000cf1b300000] [id=22988]
  0x000002410d23ceb0 ConcurrentGCThread "G1 Conc#0" [stack: 0x000000cf1b300000,0x000000cf1b400000] [id=19180]
  0x000002410d2772a0 ConcurrentGCThread "G1 Refine#0" [stack: 0x000000cf1b400000,0x000000cf1b500000] [id=7904]
  0x000002411b197fd0 ConcurrentGCThread "G1 Refine#1" [stack: 0x000000cf1ca00000,0x000000cf1cb00000] [id=11188]
  0x000002411abc60c0 ConcurrentGCThread "G1 Refine#2" [stack: 0x000000cf1cb00000,0x000000cf1cc00000] [id=23324]
  0x000002410d2784b0 ConcurrentGCThread "G1 Service" [stack: 0x000000cf1b500000,0x000000cf1b600000] [id=14968]

Threads with active compile tasks:

VM state: synchronizing (normal execution)

VM Mutex/Monitor currently owned by a thread:  ([mutex/lock_event])
[0x000002410d1f2020] Metaspace_lock - owner thread: 0x000002411b3e62c0
[0x000002410d1f3e40] Threads_lock - owner thread: 0x0000024119e3e990

Heap address: 0x00000000c4400000, size: 956 MB, Compressed Oops mode: 32-bit

CDS archive(s) not mapped
Compressed class space mapped at: 0x0000000100000000-0x0000000140000000, reserved size: 1073741824
Narrow klass base: 0x0000000000000000, Narrow klass shift: 3, Narrow klass range: 0x140000000

GC Precious Log:
 CPUs: 4 total, 4 available
 Memory: 3818M
 Large Page Support: Disabled
 NUMA Support: Disabled
 Compressed Oops: Enabled (32-bit)
 Heap Region Size: 1M
 Heap Min Capacity: 8M
 Heap Initial Capacity: 60M
 Heap Max Capacity: 956M
 Pre-touch: Disabled
 Parallel Workers: 4
 Concurrent Workers: 1
 Concurrent Refinement Workers: 4
 Periodic GC: Disabled

Heap:
 garbage-first heap   total 40960K, used 12602K [0x00000000c4400000, 0x0000000100000000)
  region size 1024K, 6 young (6144K), 3 survivors (3072K)
 Metaspace       used 26571K, committed 26816K, reserved 1073152K
  class space    used 3138K, committed 3264K, reserved 1048576K

Heap Regions: E=young(eden), S=young(survivor), O=old, HS=humongous(starts), HC=humongous(continues), CS=collection set, F=free, OA=open archive, CA=closed archive, TAMS=top-at-mark-start (previous, next)
|   0|0x00000000c4400000, 0x00000000c4500000, 0x00000000c4500000|100%|HS|  |TAMS 0x00000000c4500000, 0x00000000c4400000| Complete 
|   1|0x00000000c4500000, 0x00000000c4600000, 0x00000000c4600000|100%| O|  |TAMS 0x00000000c4600000, 0x00000000c4500000| Untracked 
|   2|0x00000000c4600000, 0x00000000c4700000, 0x00000000c4700000|100%| O|  |TAMS 0x00000000c4700000, 0x00000000c4600000| Untracked 
|   3|0x00000000c4700000, 0x00000000c4800000, 0x00000000c4800000|100%| O|  |TAMS 0x00000000c4800000, 0x00000000c4700000| Untracked 
|   4|0x00000000c4800000, 0x00000000c4900000, 0x00000000c4900000|100%| O|  |TAMS 0x00000000c4900000, 0x00000000c4800000| Untracked 
|   5|0x00000000c4900000, 0x00000000c4a00000, 0x00000000c4a00000|100%| O|  |TAMS 0x00000000c4a00000, 0x00000000c4900000| Untracked 
|   6|0x00000000c4a00000, 0x00000000c4b00000, 0x00000000c4b00000|100%| O|  |TAMS 0x00000000c4a24e00, 0x00000000c4a00000| Untracked 
|   7|0x00000000c4b00000, 0x00000000c4b50a00, 0x00000000c4c00000| 31%| O|  |TAMS 0x00000000c4b00000, 0x00000000c4b00000| Untracked 
|   8|0x00000000c4c00000, 0x00000000c4c00000, 0x00000000c4d00000|  0%| F|  |TAMS 0x00000000c4c00000, 0x00000000c4c00000| Untracked 
|   9|0x00000000c4d00000, 0x00000000c4d00000, 0x00000000c4e00000|  0%| F|  |TAMS 0x00000000c4d00000, 0x00000000c4d00000| Untracked 
|  10|0x00000000c4e00000, 0x00000000c4e00000, 0x00000000c4f00000|  0%| F|  |TAMS 0x00000000c4e00000, 0x00000000c4e00000| Untracked 
|  11|0x00000000c4f00000, 0x00000000c4f00000, 0x00000000c5000000|  0%| F|  |TAMS 0x00000000c4f00000, 0x00000000c4f00000| Untracked 
|  12|0x00000000c5000000, 0x00000000c50fdf78, 0x00000000c5100000| 99%| S|CS|TAMS 0x00000000c5000000, 0x00000000c5000000| Complete 
|  13|0x00000000c5100000, 0x00000000c5200000, 0x00000000c5200000|100%| S|CS|TAMS 0x00000000c5100000, 0x00000000c5100000| Complete 
|  14|0x00000000c5200000, 0x00000000c5300000, 0x00000000c5300000|100%| S|CS|TAMS 0x00000000c5200000, 0x00000000c5200000| Complete 
|  15|0x00000000c5300000, 0x00000000c5300000, 0x00000000c5400000|  0%| F|  |TAMS 0x00000000c5300000, 0x00000000c5300000| Untracked 
|  16|0x00000000c5400000, 0x00000000c5400000, 0x00000000c5500000|  0%| F|  |TAMS 0x00000000c5400000, 0x00000000c5400000| Untracked 
|  17|0x00000000c5500000, 0x00000000c5500000, 0x00000000c5600000|  0%| F|  |TAMS 0x00000000c5500000, 0x00000000c5500000| Untracked 
|  18|0x00000000c5600000, 0x00000000c5600000, 0x00000000c5700000|  0%| F|  |TAMS 0x00000000c5600000, 0x00000000c5600000| Untracked 
|  19|0x00000000c5700000, 0x00000000c5700000, 0x00000000c5800000|  0%| F|  |TAMS 0x00000000c5700000, 0x00000000c5700000| Untracked 
|  20|0x00000000c5800000, 0x00000000c5800000, 0x00000000c5900000|  0%| F|  |TAMS 0x00000000c5800000, 0x00000000c5800000| Untracked 
|  21|0x00000000c5900000, 0x00000000c5900000, 0x00000000c5a00000|  0%| F|  |TAMS 0x00000000c5900000, 0x00000000c5900000| Untracked 
|  22|0x00000000c5a00000, 0x00000000c5a00000, 0x00000000c5b00000|  0%| F|  |TAMS 0x00000000c5a00000, 0x00000000c5a00000| Untracked 
|  23|0x00000000c5b00000, 0x00000000c5b00000, 0x00000000c5c00000|  0%| F|  |TAMS 0x00000000c5b00000, 0x00000000c5b00000| Untracked 
|  24|0x00000000c5c00000, 0x00000000c5c00000, 0x00000000c5d00000|  0%| F|  |TAMS 0x00000000c5c00000, 0x00000000c5c00000| Untracked 
|  25|0x00000000c5d00000, 0x00000000c5d00000, 0x00000000c5e00000|  0%| F|  |TAMS 0x00000000c5d00000, 0x00000000c5d00000| Untracked 
|  26|0x00000000c5e00000, 0x00000000c5e00000, 0x00000000c5f00000|  0%| F|  |TAMS 0x00000000c5e00000, 0x00000000c5e00000| Untracked 
|  27|0x00000000c5f00000, 0x00000000c5f00000, 0x00000000c6000000|  0%| F|  |TAMS 0x00000000c5f00000, 0x00000000c5f00000| Untracked 
|  28|0x00000000c6000000, 0x00000000c6000000, 0x00000000c6100000|  0%| F|  |TAMS 0x00000000c6000000, 0x00000000c6000000| Untracked 
|  29|0x00000000c6100000, 0x00000000c6100000, 0x00000000c6200000|  0%| F|  |TAMS 0x00000000c6100000, 0x00000000c6100000| Untracked 
|  30|0x00000000c6200000, 0x00000000c6200000, 0x00000000c6300000|  0%| F|  |TAMS 0x00000000c6200000, 0x00000000c6200000| Untracked 
|  31|0x00000000c6300000, 0x00000000c6300000, 0x00000000c6400000|  0%| F|  |TAMS 0x00000000c6300000, 0x00000000c6300000| Untracked 
|  32|0x00000000c6400000, 0x00000000c6400000, 0x00000000c6500000|  0%| F|  |TAMS 0x00000000c6400000, 0x00000000c6400000| Untracked 
|  33|0x00000000c6500000, 0x00000000c6500000, 0x00000000c6600000|  0%| F|  |TAMS 0x00000000c6500000, 0x00000000c6500000| Untracked 
|  34|0x00000000c6600000, 0x00000000c6600000, 0x00000000c6700000|  0%| F|  |TAMS 0x00000000c6600000, 0x00000000c6600000| Untracked 
|  35|0x00000000c6700000, 0x00000000c6700000, 0x00000000c6800000|  0%| F|  |TAMS 0x00000000c6700000, 0x00000000c6700000| Untracked 
|  50|0x00000000c7600000, 0x00000000c7600000, 0x00000000c7700000|  0%| F|  |TAMS 0x00000000c7600000, 0x00000000c7600000| Untracked 
|  51|0x00000000c7700000, 0x00000000c77316f8, 0x00000000c7800000| 19%| E|  |TAMS 0x00000000c7700000, 0x00000000c7700000| Complete 
|  58|0x00000000c7e00000, 0x00000000c7f00000, 0x00000000c7f00000|100%| E|CS|TAMS 0x00000000c7e00000, 0x00000000c7e00000| Complete 
|  59|0x00000000c7f00000, 0x00000000c8000000, 0x00000000c8000000|100%| E|CS|TAMS 0x00000000c7f00000, 0x00000000c7f00000| Complete 

Card table byte_map: [0x0000024115700000,0x00000241158e0000] _byte_map_base: 0x00000241150de000

Marking Bits (Prev, Next): (CMBitMap*) 0x000002410d233c40, (CMBitMap*) 0x000002410d233c00
 Prev Bits: [0x00000241169b0000, 0x00000241178a0000)
 Next Bits: [0x0000024115ac0000, 0x00000241169b0000)

Polling page: 0x000002410cfd0000

Metaspace:

Usage:
  Non-class:     22.88 MB used.
      Class:      3.06 MB used.
       Both:     25.95 MB used.

Virtual space:
  Non-class space:       24.00 MB reserved,      23.00 MB ( 96%) committed,  3 nodes.
      Class space:        1.00 GB reserved,       3.19 MB ( <1%) committed,  1 nodes.
             Both:        1.02 GB reserved,      26.19 MB (  2%) committed. 

Chunk freelists:
   Non-Class:  176.00 KB
       Class:  880.00 KB
        Both:  1.03 MB

MaxMetaspaceSize: unlimited
CompressedClassSpaceSize: 1.00 GB
Initial GC threshold: 21.00 MB
Current GC threshold: 35.31 MB
CDS: off
MetaspaceReclaimPolicy: balanced
 - commit_granule_bytes: 65536.
 - commit_granule_words: 8192.
 - virtual_space_node_default_size: 1048576.
 - enlarge_chunks_in_place: 1.
 - new_chunks_are_fully_committed: 0.
 - uncommit_free_chunks: 1.
 - use_allocation_guard: 0.
 - handle_deallocations: 1.


Internal statistics:

num_allocs_failed_limit: 3.
num_arena_births: 284.
num_arena_deaths: 0.
num_vsnodes_births: 4.
num_vsnodes_deaths: 0.
num_space_committed: 419.
num_space_uncommitted: 0.
num_chunks_returned_to_freelist: 3.
num_chunks_taken_from_freelist: 854.
num_chunk_merges: 3.
num_chunk_splits: 552.
num_chunks_enlarged: 390.
num_purges: 0.
num_inconsistent_stats: 0.

CodeCache: size=49152Kb used=5077Kb max_used=5077Kb free=44074Kb
 bounds [0x0000024112080000, 0x0000024112610000, 0x0000024115080000]
 total_blobs=2741 nmethods=2264 adapters=403
 compilation: disabled (not enough contiguous free space left)
              stopped_count=1, restarted_count=0
 full_count=1

Compilation events (20 events):
Event: 9.444 Thread 0x0000024119e9fa50 2255       1       org.springframework.core.annotation.AttributeMethods::canThrowTypeNotPresentException (7 bytes)
Event: 9.444 Thread 0x0000024119e9fa50 nmethod 2255 0x00000241121c9a10 code [0x00000241121c9ba0, 0x00000241121c9c98]
Event: 9.444 Thread 0x0000024119e9fa50 2256       1       org.springframework.core.annotation.AttributeMethods::forAnnotationType (26 bytes)
Event: 9.445 Thread 0x0000024119e9fa50 nmethod 2256 0x00000241121c9690 code [0x00000241121c9840, 0x00000241121c9988]
Event: 9.445 Thread 0x0000024119e9fa50 2257       1       org.springframework.core.annotation.AnnotationTypeMapping::filledIntArray (11 bytes)
Event: 9.445 Thread 0x0000024119e9fa50 nmethod 2257 0x00000241121c9310 code [0x00000241121c94a0, 0x00000241121c95f8]
Event: 9.445 Thread 0x0000024119e9fa50 2258       1       org.springframework.core.annotation.TypeMappedAnnotations::access$100 (7 bytes)
Event: 9.445 Thread 0x0000024119e9fa50 nmethod 2258 0x00000241121c9010 code [0x00000241121c91a0, 0x00000241121c9268]
Event: 9.445 Thread 0x0000024119e9fa50 2259       1       org.springframework.core.annotation.TypeMappedAnnotations::isMappingForType (41 bytes)
Event: 9.445 Thread 0x0000024119e9fa50 nmethod 2259 0x00000241121c8b90 code [0x00000241121c8d40, 0x00000241121c8ec8]
Event: 9.445 Thread 0x0000024119e9fa50 2260       1       jdk.internal.reflect.DelegatingMethodAccessorImpl::invoke (10 bytes)
Event: 9.445 Thread 0x0000024119e9fa50 nmethod 2260 0x00000241121c8890 code [0x00000241121c8a20, 0x00000241121c8b08]
Event: 9.449 Thread 0x0000024119e9fa50 2261       1       jdk.internal.org.objectweb.asm.MethodVisitor::visitEnd (15 bytes)
Event: 9.449 Thread 0x0000024119e9fa50 nmethod 2261 0x00000241121c8590 code [0x00000241121c8720, 0x00000241121c8808]
Event: 9.450 Thread 0x0000024119e9fa50 2262       1       java.lang.invoke.AbstractValidatingLambdaMetafactory::checkDescriptor (133 bytes)
Event: 9.451 Thread 0x0000024119e9fa50 nmethod 2262 0x00000241121c6c90 code [0x00000241121c6f60, 0x00000241121c7e38]
Event: 9.451 Thread 0x0000024119e9fa50 2269   !   1       java.lang.invoke.InnerClassLambdaMetafactory::generateInnerClass (618 bytes)
Event: 9.451 Thread 0x000002411af29370 2270       1       java.lang.invoke.InnerClassLambdaMetafactory::generateConstructor (154 bytes)
Event: 9.452 Thread 0x000002411af29370 nmethod 2270 0x00000241121c6010 code [0x00000241121c6280, 0x00000241121c6888]
Event: 9.454 Thread 0x0000024119e9fa50 nmethod 2269 0x00000241121c3990 code [0x00000241121c3d80, 0x00000241121c5258]

GC Heap History (10 events):
Event: 2.600 GC heap before
{Heap before GC invocations=0 (full 0):
 garbage-first heap   total 61440K, used 13312K [0x00000000c4400000, 0x0000000100000000)
  region size 1024K, 13 young (13312K), 0 survivors (0K)
 Metaspace       used 13354K, committed 13568K, reserved 1064960K
  class space    used 1368K, committed 1472K, reserved 1048576K
}
Event: 2.620 GC heap after
{Heap after GC invocations=1 (full 0):
 garbage-first heap   total 61440K, used 6272K [0x00000000c4400000, 0x0000000100000000)
  region size 1024K, 2 young (2048K), 2 survivors (2048K)
 Metaspace       used 13354K, committed 13568K, reserved 1064960K
  class space    used 1368K, committed 1472K, reserved 1048576K
}
Event: 3.384 GC heap before
{Heap before GC invocations=1 (full 0):
 garbage-first heap   total 61440K, used 14464K [0x00000000c4400000, 0x0000000100000000)
  region size 1024K, 10 young (10240K), 2 survivors (2048K)
 Metaspace       used 15604K, committed 15872K, reserved 1064960K
  class space    used 1668K, committed 1792K, reserved 1048576K
}
Event: 3.389 GC heap after
{Heap after GC invocations=2 (full 0):
 garbage-first heap   total 61440K, used 7548K [0x00000000c4400000, 0x0000000100000000)
  region size 1024K, 2 young (2048K), 2 survivors (2048K)
 Metaspace       used 15604K, committed 15872K, reserved 1064960K
  class space    used 1668K, committed 1792K, reserved 1048576K
}
Event: 6.767 GC heap before
{Heap before GC invocations=2 (full 0):
 garbage-first heap   total 61440K, used 24956K [0x00000000c4400000, 0x0000000100000000)
  region size 1024K, 20 young (20480K), 2 survivors (2048K)
 Metaspace       used 19318K, committed 19520K, reserved 1073152K
  class space    used 2199K, committed 2304K, reserved 1048576K
}
Event: 6.771 GC heap after
{Heap after GC invocations=3 (full 0):
 garbage-first heap   total 61440K, used 8948K [0x00000000c4400000, 0x0000000100000000)
  region size 1024K, 3 young (3072K), 3 survivors (3072K)
 Metaspace       used 19318K, committed 19520K, reserved 1073152K
  class space    used 2199K, committed 2304K, reserved 1048576K
}
Event: 8.902 GC heap before
{Heap before GC invocations=3 (full 0):
 garbage-first heap   total 61440K, used 15092K [0x00000000c4400000, 0x0000000100000000)
  region size 1024K, 11 young (11264K), 3 survivors (3072K)
 Metaspace       used 21245K, committed 21504K, reserved 1073152K
  class space    used 2450K, committed 2624K, reserved 1048576K
}
Event: 8.905 GC heap after
{Heap after GC invocations=4 (full 0):
 garbage-first heap   total 61440K, used 9391K [0x00000000c4400000, 0x0000000100000000)
  region size 1024K, 2 young (2048K), 2 survivors (2048K)
 Metaspace       used 21245K, committed 21504K, reserved 1073152K
  class space    used 2450K, committed 2624K, reserved 1048576K
}
Event: 10.329 GC heap before
{Heap before GC invocations=5 (full 0):
 garbage-first heap   total 40960K, used 30895K [0x00000000c4400000, 0x0000000100000000)
  region size 1024K, 25 young (25600K), 2 survivors (2048K)
 Metaspace       used 26266K, committed 26496K, reserved 1073152K
  class space    used 3111K, committed 3200K, reserved 1048576K
}
Event: 10.333 GC heap after
{Heap after GC invocations=6 (full 0):
 garbage-first heap   total 40960K, used 10554K [0x00000000c4400000, 0x0000000100000000)
  region size 1024K, 3 young (3072K), 3 survivors (3072K)
 Metaspace       used 26266K, committed 26496K, reserved 1073152K
  class space    used 3111K, committed 3200K, reserved 1048576K
}

Deoptimization events (2 events):
Event: 9.049 Thread 0x000002411b3e62c0 DEOPT PACKING pc=0x0000024112210999 sp=0x000000cf1d0fcd40
Event: 9.049 Thread 0x000002411b3e62c0 DEOPT UNPACKING pc=0x00000241120d6763 sp=0x000000cf1d0fc220 mode 3

Classes unloaded (0 events):
No events

Classes redefined (0 events):
No events

Internal exceptions (20 events):
Event: 9.208 Thread 0x000002411b3e62c0 Exception <a 'java/lang/ClassNotFoundException'{0x00000000c5c41e90}: org/springframework/beans/factory/config/BeanFactoryPostProcessorCustomizer> (0x00000000c5c41e90) 
thrown [s\src\hotspot\share\classfile\systemDictionary.cpp, line 256]
Event: 9.209 Thread 0x000002411b3e62c0 Exception <a 'java/lang/ClassNotFoundException'{0x00000000c5c484d8}: org/springframework/core/PriorityOrderedCustomizer> (0x00000000c5c484d8) 
thrown [s\src\hotspot\share\classfile\systemDictionary.cpp, line 256]
Event: 9.210 Thread 0x000002411b3e62c0 Exception <a 'java/lang/ClassNotFoundException'{0x00000000c5c4d6a0}: org/springframework/core/OrderedCustomizer> (0x00000000c5c4d6a0) 
thrown [s\src\hotspot\share\classfile\systemDictionary.cpp, line 256]
Event: 9.211 Thread 0x000002411b3e62c0 Exception <a 'java/lang/ClassNotFoundException'{0x00000000c5c53c60}: org/springframework/context/ResourceLoaderAwareCustomizer> (0x00000000c5c53c60) 
thrown [s\src\hotspot\share\classfile\systemDictionary.cpp, line 256]
Event: 9.212 Thread 0x000002411b3e62c0 Exception <a 'java/lang/ClassNotFoundException'{0x00000000c5c5a2c0}: org/springframework/beans/factory/AwareCustomizer> (0x00000000c5c5a2c0) 
thrown [s\src\hotspot\share\classfile\systemDictionary.cpp, line 256]
Event: 9.213 Thread 0x000002411b3e62c0 Exception <a 'java/lang/ClassNotFoundException'{0x00000000c5c5fa00}: org/springframework/context/ApplicationStartupAwareCustomizer> (0x00000000c5c5fa00) 
thrown [s\src\hotspot\share\classfile\systemDictionary.cpp, line 256]
Event: 9.213 Thread 0x000002411b3e62c0 Exception <a 'java/lang/ClassNotFoundException'{0x00000000c5ccaf58}: org/springframework/beans/factory/AwareCustomizer> (0x00000000c5ccaf58) 
thrown [s\src\hotspot\share\classfile\systemDictionary.cpp, line 256]
Event: 9.214 Thread 0x000002411b3e62c0 Exception <a 'java/lang/ClassNotFoundException'{0x00000000c5cd0760}: org/springframework/beans/factory/BeanClassLoaderAwareCustomizer> (0x00000000c5cd0760) 
thrown [s\src\hotspot\share\classfile\systemDictionary.cpp, line 256]
Event: 9.215 Thread 0x000002411b3e62c0 Exception <a 'java/lang/ClassNotFoundException'{0x00000000c5cd6da8}: org/springframework/beans/factory/AwareCustomizer> (0x00000000c5cd6da8) 
thrown [s\src\hotspot\share\classfile\systemDictionary.cpp, line 256]
Event: 9.215 Thread 0x000002411b3e62c0 Exception <a 'java/lang/ClassNotFoundException'{0x00000000c5cdc1b0}: org/springframework/context/EnvironmentAwareCustomizer> (0x00000000c5cdc1b0) 
thrown [s\src\hotspot\share\classfile\systemDictionary.cpp, line 256]
Event: 9.217 Thread 0x000002411b3e62c0 Exception <a 'java/lang/ClassNotFoundException'{0x00000000c5ce2790}: org/springframework/beans/factory/AwareCustomizer> (0x00000000c5ce2790) 
thrown [s\src\hotspot\share\classfile\systemDictionary.cpp, line 256]
Event: 9.332 Thread 0x000002411b3e5920 Exception <a 'java/lang/NoSuchMethodError'{0x00000000c567c258}: 'long java.lang.invoke.DirectMethodHandle$Holder.invokeSpecial(java.lang.Object, java.lang.Object)'> (0x00000000c567c258) 
thrown [s\src\hotspot\share\interpreter\linkResolver.cpp, line 759]
Event: 9.333 Thread 0x000002411b3e5920 Exception <a 'java/lang/NoSuchMethodError'{0x00000000c5687140}: 'long java.lang.invoke.DirectMethodHandle$Holder.invokeStatic(java.lang.Object, java.lang.Object)'> (0x00000000c5687140) 
thrown [s\src\hotspot\share\interpreter\linkResolver.cpp, line 759]
Event: 9.334 Thread 0x000002411b3e5920 Exception <a 'java/lang/NoSuchMethodError'{0x00000000c568a740}: 'long java.lang.invoke.DirectMethodHandle$Holder.invokeStaticInit(java.lang.Object, java.lang.Object)'> (0x00000000c568a740) 
thrown [s\src\hotspot\share\interpreter\linkResolver.cpp, line 759]
Event: 9.336 Thread 0x000002411b3e5920 Exception <a 'java/lang/NoSuchMethodError'{0x00000000c56982e8}: 'long java.lang.invoke.DirectMethodHandle$Holder.invokeInterface(java.lang.Object, java.lang.Object)'> (0x00000000c56982e8) 
thrown [s\src\hotspot\share\interpreter\linkResolver.cpp, line 759]
Event: 9.336 Thread 0x000002411b3e5920 Exception <a 'java/lang/IncompatibleClassChangeError'{0x00000000c569b878}: Found class java.lang.Object, but interface was expected> (0x00000000c569b878) 
thrown [s\src\hotspot\share\interpreter\linkResolver.cpp, line 826]
Event: 9.386 Thread 0x000002411b3e5920 Exception <a 'java/lang/NoSuchMethodError'{0x00000000c5554ce0}: 'java.lang.Object java.lang.invoke.DirectMethodHandle$Holder.invokeVirtual(java.lang.Object, java.lang.Object, java.lang.Object, java.lang.Object)'> (0x00000000c5554ce0) 
thrown [s\src\hotspot\share\interpreter\linkResolver.cpp, line 759]
Event: 9.512 Thread 0x000002411b32bf90 Exception <a 'java/lang/reflect/InvocationTargetException'{0x00000000c67bdc10}> (0x00000000c67bdc10) 
thrown [s\src\hotspot\share\runtime\reflection.cpp, line 1121]
Event: 10.015 Thread 0x000002411b32bf90 Exception <a 'java/lang/reflect/InvocationTargetException'{0x00000000c67c1320}> (0x00000000c67c1320) 
thrown [s\src\hotspot\share\runtime\reflection.cpp, line 1121]
Event: 10.594 Thread 0x000002411b32bf90 Exception <a 'java/lang/reflect/InvocationTargetException'{0x00000000c7e06b38}> (0x00000000c7e06b38) 
thrown [s\src\hotspot\share\runtime\reflection.cpp, line 1121]

VM Operations (20 events):
Event: 7.230 Executing VM operation: HandshakeAllThreads
Event: 7.230 Executing VM operation: HandshakeAllThreads done
Event: 8.244 Executing VM operation: Cleanup
Event: 8.244 Executing VM operation: Cleanup done
Event: 8.902 Executing VM operation: CollectForMetadataAllocation
Event: 8.905 Executing VM operation: CollectForMetadataAllocation done
Event: 8.914 Executing VM operation: G1Concurrent
Event: 8.915 Executing VM operation: G1Concurrent done
Event: 8.918 Executing VM operation: G1Concurrent
Event: 8.919 Executing VM operation: G1Concurrent done
Event: 9.130 Executing VM operation: HandshakeAllThreads
Event: 9.130 Executing VM operation: HandshakeAllThreads done
Event: 9.201 Executing VM operation: HandshakeAllThreads
Event: 9.201 Executing VM operation: HandshakeAllThreads done
Event: 9.230 Executing VM operation: HandshakeAllThreads
Event: 9.230 Executing VM operation: HandshakeAllThreads done
Event: 10.233 Executing VM operation: Cleanup
Event: 10.233 Executing VM operation: Cleanup done
Event: 10.329 Executing VM operation: G1CollectForAllocation
Event: 10.333 Executing VM operation: G1CollectForAllocation done

Events (20 events):
Event: 9.250 loading class java/util/regex/Pattern$Prolog done
Event: 9.250 loading class java/util/regex/ASCII
Event: 9.250 loading class java/util/regex/ASCII done
Event: 9.262 loading class java/lang/AssertionError
Event: 9.263 loading class java/lang/AssertionError done
Event: 9.310 loading class java/util/regex/Pattern$Pos
Event: 9.310 loading class java/util/regex/Pattern$Pos done
Event: 9.327 loading class java/time/ZoneOffset
Event: 9.328 loading class java/time/ZoneOffset done
Event: 9.332 loading class java/util/function/ToLongFunction
Event: 9.332 loading class java/util/function/ToLongFunction done
Event: 9.414 Thread 0x000002411b3e5920 Thread exited: 0x000002411b3e5920
Event: 9.451 Thread 0x000002411af29370 Thread added: 0x000002411af29370
Event: 9.451 Thread 0x000002411b2b95e0 Thread added: 0x000002411b2b95e0
Event: 9.452 Thread 0x000002411b2b95e0 Thread exited: 0x000002411b2b95e0
Event: 9.833 Thread 0x000002411b3e5920 Thread added: 0x000002411b3e5920
Event: 10.941 loading class javax/naming/ldap/LdapContext
Event: 10.941 loading class javax/naming/directory/DirContext
Event: 10.941 loading class javax/naming/directory/DirContext done
Event: 10.941 loading class javax/naming/ldap/LdapContext done


Dynamic libraries:
0x00007ff741500000 - 0x00007ff74150e000 	C:\Program Files\Java\sts new\sts-4.15.3.RELEASE\plugins\org.eclipse.justj.openjdk.hotspot.jre.full.win32.x86_64_17.0.4.v20220805-1047\jre\bin\javaw.exe
0x00007ffcc7930000 - 0x00007ffcc7b28000 	C:\Windows\SYSTEM32\ntdll.dll
0x00007ffcc6be0000 - 0x00007ffcc6c9d000 	C:\Windows\System32\KERNEL32.DLL
0x00007ffcc51a0000 - 0x00007ffcc546e000 	C:\Windows\System32\KERNELBASE.dll
0x00007ffcc5760000 - 0x00007ffcc5860000 	C:\Windows\System32\ucrtbase.dll
0x00007ffcae240000 - 0x00007ffcae259000 	C:\Program Files\Java\sts new\sts-4.15.3.RELEASE\plugins\org.eclipse.justj.openjdk.hotspot.jre.full.win32.x86_64_17.0.4.v20220805-1047\jre\bin\VCRUNTIME140.dll
0x00007ffc734e0000 - 0x00007ffc734f8000 	C:\Program Files\Java\sts new\sts-4.15.3.RELEASE\plugins\org.eclipse.justj.openjdk.hotspot.jre.full.win32.x86_64_17.0.4.v20220805-1047\jre\bin\jli.dll
0x00007ffcc5a40000 - 0x00007ffcc5be0000 	C:\Windows\System32\USER32.dll
0x00007ffcc5960000 - 0x00007ffcc5982000 	C:\Windows\System32\win32u.dll
0x00007ffcc6810000 - 0x00007ffcc683a000 	C:\Windows\System32\GDI32.dll
0x00007ffcc5650000 - 0x00007ffcc575b000 	C:\Windows\System32\gdi32full.dll
0x00007ffcc5050000 - 0x00007ffcc50ed000 	C:\Windows\System32\msvcp_win.dll
0x00007ffca64c0000 - 0x00007ffca675a000 	C:\Windows\WinSxS\amd64_microsoft.windows.common-controls_6595b64144ccf1df_6.0.19041.1110_none_60b5254171f9507e\COMCTL32.dll
0x00007ffcc5be0000 - 0x00007ffcc5c7e000 	C:\Windows\System32\msvcrt.dll
0x00007ffcc6550000 - 0x00007ffcc6580000 	C:\Windows\System32\IMM32.DLL
0x00007ffcbb310000 - 0x00007ffcbb31c000 	C:\Program Files\Java\sts new\sts-4.15.3.RELEASE\plugins\org.eclipse.justj.openjdk.hotspot.jre.full.win32.x86_64_17.0.4.v20220805-1047\jre\bin\vcruntime140_1.dll
0x00007ffca8fc0000 - 0x00007ffca9051000 	C:\Program Files\Java\sts new\sts-4.15.3.RELEASE\plugins\org.eclipse.justj.openjdk.hotspot.jre.full.win32.x86_64_17.0.4.v20220805-1047\jre\bin\msvcp140.dll
0x00007ffc4f7a0000 - 0x00007ffc503e6000 	C:\Program Files\Java\sts new\sts-4.15.3.RELEASE\plugins\org.eclipse.justj.openjdk.hotspot.jre.full.win32.x86_64_17.0.4.v20220805-1047\jre\bin\server\jvm.dll
0x00007ffcc5990000 - 0x00007ffcc5a3e000 	C:\Windows\System32\ADVAPI32.dll
0x00007ffcc6640000 - 0x00007ffcc66dc000 	C:\Windows\System32\sechost.dll
0x00007ffcc66e0000 - 0x00007ffcc6805000 	C:\Windows\System32\RPCRT4.dll
0x00007ffcc71d0000 - 0x00007ffcc71d8000 	C:\Windows\System32\PSAPI.DLL
0x00007ffcb53e0000 - 0x00007ffcb53e9000 	C:\Windows\SYSTEM32\WSOCK32.dll
0x00007ffcc6aa0000 - 0x00007ffcc6b0b000 	C:\Windows\System32\WS2_32.dll
0x00007ffca3910000 - 0x00007ffca3937000 	C:\Windows\SYSTEM32\WINMM.dll
0x00007ffcbb020000 - 0x00007ffcbb02a000 	C:\Windows\SYSTEM32\VERSION.dll
0x00007ffcc38d0000 - 0x00007ffcc38e2000 	C:\Windows\SYSTEM32\kernel.appcore.dll
0x00007ffc74450000 - 0x00007ffc7445a000 	C:\Program Files\Java\sts new\sts-4.15.3.RELEASE\plugins\org.eclipse.justj.openjdk.hotspot.jre.full.win32.x86_64_17.0.4.v20220805-1047\jre\bin\jimage.dll
0x00007ffcc2e00000 - 0x00007ffcc2fe4000 	C:\Windows\SYSTEM32\DBGHELP.DLL
0x00007ffcb6420000 - 0x00007ffcb644c000 	C:\Windows\SYSTEM32\dbgcore.DLL
0x00007ffcc5860000 - 0x00007ffcc58e2000 	C:\Windows\System32\bcryptPrimitives.dll
0x00007ffc732b0000 - 0x00007ffc732d5000 	C:\Program Files\Java\sts new\sts-4.15.3.RELEASE\plugins\org.eclipse.justj.openjdk.hotspot.jre.full.win32.x86_64_17.0.4.v20220805-1047\jre\bin\java.dll
0x00007ffc73290000 - 0x00007ffc732a8000 	C:\Program Files\Java\sts new\sts-4.15.3.RELEASE\plugins\org.eclipse.justj.openjdk.hotspot.jre.full.win32.x86_64_17.0.4.v20220805-1047\jre\bin\zip.dll
0x00007ffcc5e00000 - 0x00007ffcc6543000 	C:\Windows\System32\SHELL32.dll
0x00007ffcc3120000 - 0x00007ffcc38b5000 	C:\Windows\SYSTEM32\windows.storage.dll
0x00007ffcc6d30000 - 0x00007ffcc7084000 	C:\Windows\System32\combase.dll
0x00007ffcc4ab0000 - 0x00007ffcc4ae0000 	C:\Windows\SYSTEM32\Wldp.dll
0x00007ffcc6580000 - 0x00007ffcc662d000 	C:\Windows\System32\SHCORE.dll
0x00007ffcc5da0000 - 0x00007ffcc5df5000 	C:\Windows\System32\shlwapi.dll
0x00007ffcc4f90000 - 0x00007ffcc4faf000 	C:\Windows\SYSTEM32\profapi.dll
0x00007ffc925b0000 - 0x00007ffc925c9000 	C:\Program Files\Java\sts new\sts-4.15.3.RELEASE\plugins\org.eclipse.justj.openjdk.hotspot.jre.full.win32.x86_64_17.0.4.v20220805-1047\jre\bin\net.dll
0x00007ffcc0330000 - 0x00007ffcc043a000 	C:\Windows\SYSTEM32\WINHTTP.dll
0x00007ffcc4810000 - 0x00007ffcc487a000 	C:\Windows\system32\mswsock.dll
0x00007ffc92590000 - 0x00007ffc925a5000 	C:\Program Files\Java\sts new\sts-4.15.3.RELEASE\plugins\org.eclipse.justj.openjdk.hotspot.jre.full.win32.x86_64_17.0.4.v20220805-1047\jre\bin\nio.dll
0x00007ffca1270000 - 0x00007ffca1279000 	C:\Program Files\Java\sts new\sts-4.15.3.RELEASE\plugins\org.eclipse.justj.openjdk.hotspot.jre.full.win32.x86_64_17.0.4.v20220805-1047\jre\bin\management.dll
0x00007ffc9af30000 - 0x00007ffc9af3b000 	C:\Program Files\Java\sts new\sts-4.15.3.RELEASE\plugins\org.eclipse.justj.openjdk.hotspot.jre.full.win32.x86_64_17.0.4.v20220805-1047\jre\bin\management_ext.dll
0x00007ffc98f00000 - 0x00007ffc98f17000 	C:\Windows\system32\napinsp.dll
0x00007ffc98f20000 - 0x00007ffc98f3b000 	C:\Windows\system32\pnrpnsp.dll
0x00007ffc98f40000 - 0x00007ffc98f55000 	C:\Windows\system32\wshbth.dll
0x00007ffcc0620000 - 0x00007ffcc063d000 	C:\Windows\system32\NLAapi.dll
0x00007ffcc44b0000 - 0x00007ffcc44eb000 	C:\Windows\SYSTEM32\IPHLPAPI.DLL
0x00007ffcc44f0000 - 0x00007ffcc45ba000 	C:\Windows\SYSTEM32\DNSAPI.dll
0x00007ffcc7880000 - 0x00007ffcc7888000 	C:\Windows\System32\NSI.dll
0x00007ffc99100000 - 0x00007ffc99112000 	C:\Windows\System32\winrnr.dll
0x00007ffcbb160000 - 0x00007ffcbb16a000 	C:\Windows\System32\rasadhlp.dll
0x00007ffcbaf40000 - 0x00007ffcbafc0000 	C:\Windows\System32\fwpuclnt.dll
0x00007ffcc5470000 - 0x00007ffcc5497000 	C:\Windows\System32\bcrypt.dll
0x00007ffcc4a00000 - 0x00007ffcc4a18000 	C:\Windows\SYSTEM32\CRYPTSP.dll
0x00007ffcc4120000 - 0x00007ffcc4154000 	C:\Windows\system32\rsaenh.dll
0x00007ffcc4f50000 - 0x00007ffcc4f7e000 	C:\Windows\SYSTEM32\USERENV.dll
0x00007ffcc4a20000 - 0x00007ffcc4a2c000 	C:\Windows\SYSTEM32\CRYPTBASE.dll
0x00007ffcbb4c0000 - 0x00007ffcbb4d7000 	C:\Windows\SYSTEM32\dhcpcsvc6.DLL
0x00007ffcb3700000 - 0x00007ffcb371d000 	C:\Windows\SYSTEM32\dhcpcsvc.DLL
0x00007ffc92580000 - 0x00007ffc92590000 	C:\Program Files\Java\sts new\sts-4.15.3.RELEASE\plugins\org.eclipse.justj.openjdk.hotspot.jre.full.win32.x86_64_17.0.4.v20220805-1047\jre\bin\verify.dll

dbghelp: loaded successfully - version: 4.0.5 - missing functions: none
symbol engine: initialized successfully - sym options: 0x614 - pdb path: .;C:\Program Files\Java\sts new\sts-4.15.3.RELEASE\plugins\org.eclipse.justj.openjdk.hotspot.jre.full.win32.x86_64_17.0.4.v20220805-1047\jre\bin;C:\Windows\SYSTEM32;C:\Windows\WinSxS\amd64_microsoft.windows.common-controls_6595b64144ccf1df_6.0.19041.1110_none_60b5254171f9507e;C:\Program Files\Java\sts new\sts-4.15.3.RELEASE\plugins\org.eclipse.justj.openjdk.hotspot.jre.full.win32.x86_64_17.0.4.v20220805-1047\jre\bin\server

VM Arguments:
jvm_args: -Dcom.sun.management.jmxremote -Dcom.sun.management.jmxremote.port=61615 -Dcom.sun.management.jmxremote.authenticate=false -Dcom.sun.management.jmxremote.ssl=false -Djava.rmi.server.hostname=localhost -Dspring.jmx.enabled=true -Dspring.application.admin.enabled=true -XX:TieredStopAtLevel=1 -Dspring.boot.project.name=works-api -Dfile.encoding=UTF-8 -XX:+ShowCodeDetailsInExceptionMessages 
java_command: com.lins.works.WorksApiApplication --spring.output.ansi.enabled=always
java_class_path (initial): C:\Users\backl\Documents\workspace-1\works-api\target\classes;C:\Users\backl\.m2\repository\org\springframework\boot\spring-boot-starter-data-jpa\2.7.3\spring-boot-starter-data-jpa-2.7.3.jar;C:\Users\backl\.m2\repository\org\springframework\boot\spring-boot-starter-aop\2.7.3\spring-boot-starter-aop-2.7.3.jar;C:\Users\backl\.m2\repository\org\springframework\spring-aop\5.3.22\spring-aop-5.3.22.jar;C:\Users\backl\.m2\repository\org\aspectj\aspectjweaver\1.9.7\aspectjweaver-1.9.7.jar;C:\Users\backl\.m2\repository\org\springframework\boot\spring-boot-starter-jdbc\2.7.3\spring-boot-starter-jdbc-2.7.3.jar;C:\Users\backl\.m2\repository\com\zaxxer\HikariCP\4.0.3\HikariCP-4.0.3.jar;C:\Users\backl\.m2\repository\org\springframework\spring-jdbc\5.3.22\spring-jdbc-5.3.22.jar;C:\Users\backl\.m2\repository\jakarta\transaction\jakarta.transaction-api\1.3.3\jakarta.transaction-api-1.3.3.jar;C:\Users\backl\.m2\repository\jakarta\persistence\jakarta.persistence-api\2.2.3\jakarta.persistence-api-2.2.3.jar;C:\Users\backl\.m2\repository\org\hibernate\hibernate-core\5.6.10.Final\hibernate-core-5.6.10.Final.jar;C:\Users\backl\.m2\repository\org\jboss\logging\jboss-logging\3.4.3.Final\jboss-logging-3.4.3.Final.jar;C:\Users\backl\.m2\repository\net\bytebuddy\byte-buddy\1.12.13\byte-buddy-1.12.13.jar;C:\Users\backl\.m2\repository\antlr\antlr\2.7.7\antlr-2.7.7.jar;C:\Users\backl\.m2\repository\org\jboss\jandex\2.4.2.Final\jandex-2.4.2.Final.jar;C:\Users\backl\.m2\repository\com\fasterxml\classmate\1.5.1\classmate-1.5.1.jar;C:\Users\backl\.m2\repository\org\hibernate\common\hibernate-commons-annotations\5.1.2.Final\hibernate-commons-annotations-5.1.2.Final.jar;C:\Users\backl\.m2\repository\org\glassfish\jaxb\jaxb-runtime\2.3.6\jaxb-runtime-2.3.6.jar;C:\Users\backl\.m2\repository\org\glassfish\jaxb\txw2\2.3.6\txw2-2.3.6.jar;C:\Users\backl\.m2\repository\com\sun\istack\istack-commons-runtime\3.0.12\istack-commons-runtime-3.0.12.jar;C:\Users\backl\.m2\repository\com\s
Launcher Type: SUN_STANDARD

[Global flags]
     intx CICompilerCount                          = 3                                         {product} {ergonomic}
     uint ConcGCThreads                            = 1                                         {product} {ergonomic}
     uint G1ConcRefinementThreads                  = 4                                         {product} {ergonomic}
   size_t G1HeapRegionSize                         = 1048576                                   {product} {ergonomic}
    uintx GCDrainStackTargetSize                   = 64                                        {product} {ergonomic}
   size_t InitialHeapSize                          = 62914560                                  {product} {ergonomic}
     bool ManagementServer                         = true                                      {product} {command line}
   size_t MarkStackSize                            = 4194304                                   {product} {ergonomic}
   size_t MaxHeapSize                              = 1002438656                                {product} {ergonomic}
   size_t MaxNewSize                               = 600834048                                 {product} {ergonomic}
   size_t MinHeapDeltaBytes                        = 1048576                                   {product} {ergonomic}
   size_t MinHeapSize                              = 8388608                                   {product} {ergonomic}
    uintx NonProfiledCodeHeapSize                  = 0                                      {pd product} {ergonomic}
     bool ProfileInterpreter                       = false                                  {pd product} {command line}
    uintx ProfiledCodeHeapSize                     = 0                                      {pd product} {ergonomic}
     bool ShowCodeDetailsInExceptionMessages       = true                                   {manageable} {command line}
   size_t SoftMaxHeapSize                          = 1002438656                             {manageable} {ergonomic}
     intx TieredStopAtLevel                        = 1                                         {product} {command line}
     bool UseCompressedClassPointers               = true                           {product lp64_product} {ergonomic}
     bool UseCompressedOops                        = true                           {product lp64_product} {ergonomic}
     bool UseG1GC                                  = true                                      {product} {ergonomic}
     bool UseLargePagesIndividualAllocation        = false                                  {pd product} {ergonomic}

Logging:
Log output configuration:
 #0: stdout all=warning uptime,level,tags
 #1: stderr all=off uptime,level,tags

Environment Variables:
JAVA_HOME=C:\Program Files\Java\zulu18.32.13-ca-jdk18.0.2.1-win_x64
PATH=C:/Program Files/Java/sts new/sts-4.15.3.RELEASE//plugins/org.eclipse.justj.openjdk.hotspot.jre.full.win32.x86_64_17.0.4.v20220805-1047/jre/bin/server;C:/Program Files/Java/sts new/sts-4.15.3.RELEASE//plugins/org.eclipse.justj.openjdk.hotspot.jre.full.win32.x86_64_17.0.4.v20220805-1047/jre/bin;C:\Program Files\Java\zulu18.32.13-ca-jdk18.0.2.1-win_x64\bin;C:\Windows\system32;C:\Windows;C:\Windows\System32\Wbem;C:\Windows\System32\WindowsPowerShell\v1.0\;C:\Windows\System32\OpenSSH\;C:\Program Files\Git\cmd;C:\Program Files\nodejs\;C:\Users\backl\AppData\Local\Programs\Python\Python310\Scripts\;C:\Users\backl\AppData\Local\Programs\Python\Python310\;C:\Program Files\MySQL\MySQL Shell 8.0\bin\;C:\Users\backl\AppData\Local\Microsoft\WindowsApps;C:\Users\backl\AppData\Local\Programs\Microsoft VS Code\bin;C:\Users\backl\AppData\Roaming\npm;C:\Program Files\heroku\bin;C:\Program Files\Git\bin;C:\Program Files\Git\cmd;;C:\Program Files\Java\sts new\sts-4.15.3.RELEASE;
USERNAME=backl
OS=Windows_NT
PROCESSOR_IDENTIFIER=Intel64 Family 6 Model 140 Stepping 1, GenuineIntel
TMP=C:\Users\backl\AppData\Local\Temp
TEMP=C:\Users\backl\AppData\Local\Temp



---------------  S Y S T E M  ---------------

OS:
 Windows 10 , 64 bit Build 19041 (10.0.19041.1889)
OS uptime: 0 days 19:54 hours

CPU: total 4 (initial active 4) (2 cores per cpu, 2 threads per core) family 6 model 140 stepping 1 microcode 0xa4, cx8, cmov, fxsr, ht, mmx, 3dnowpref, sse, sse2, sse3, ssse3, sse4.1, sse4.2, popcnt, lzcnt, tsc, tscinvbit, avx, avx2, aes, erms, clmul, bmi1, bmi2, adx, avx512f, avx512dq, avx512cd, avx512bw, avx512vl, sha, fma, vzeroupper, avx512_vpopcntdq, avx512_vpclmulqdq, avx512_vaes, avx512_vnni, clflush, clflushopt, clwb, avx512_vbmi2, avx512_vbmi

Memory: 4k page, system-wide physical 3818M (447M free)
TotalPageFile size 10095M (AvailPageFile size 510M)
current process WorkingSet (physical memory assigned to process): 105M, peak: 105M
current process commit charge ("private bytes"): 136M, peak: 148M

vm_info: OpenJDK 64-Bit Server VM (17.0.4+8) for windows-amd64 JRE (17.0.4+8), built on Jul 19 2022 16:05:16 by "temurin" with MS VC++ 16.7 (VS2019)

END.
